{
  "RSpec": {
    "coverage": {
      "/Users/fritzc/Dropbox/code/ruby_meetup/test_and_refactor/rubyist_ipsum_tested/app.rb": [
        1,
        1,
        null,
        1,
        null,
        1,
        1,
        59,
        null,
        null,
        1,
        null
      ],
      "/Users/fritzc/Dropbox/code/ruby_meetup/test_and_refactor/rubyist_ipsum_tested/helpers/ipsum_helper.rb": [
        1,
        null,
        1,
        113,
        null,
        113,
        113,
        30004,
        null,
        113,
        null,
        null,
        1,
        null,
        1,
        null,
        30004,
        null,
        null,
        null,
        null,
        null,
        null,
        null,
        null,
        null,
        null,
        null,
        null,
        null
      ],
      "/Users/fritzc/Dropbox/code/ruby_meetup/test_and_refactor/rubyist_ipsum_tested/spec/helpers/ipsum_helper_spec.rb": [
        1,
        1,
        null,
        1,
        1,
        null,
        1,
        null,
        1,
        1,
        1,
        1,
        null,
        null,
        1,
        1,
        51,
        null,
        null,
        null,
        null,
        null,
        null
      ]
    },
    "timestamp": 1410027895
  }
}
